# JRE version: OpenJDK Runtime Environment Microsoft-25199 (11.0.12+7) (build 11.0.12+7)
# Java VM: OpenJDK 64-Bit Server VM Microsoft-25199 (11.0.12+7, mixed mode, tiered, compressed oops, g1 gc, bsd-amd64)
Heap:
 garbage-first heap   total 262144K, used 22481K [0x0000000700000000, 0x0000000800000000)
  region size 1024K, 15 young (15360K), 5 survivors (5120K)
 Metaspace       used 31185K, capacity 32041K, committed 32384K, reserved 1077248K
  class space    used 3746K, capacity 4102K, committed 4224K, reserved 1048576K
GC Heap History (6 events):
Event: 0.910 GC heap before
{Heap before GC invocations=0 (full 0):
 garbage-first heap   total 262144K, used 23552K [0x0000000700000000, 0x0000000800000000)
  region size 1024K, 24 young (24576K), 0 survivors (0K)
 Metaspace       used 13045K, capacity 13344K, committed 13696K, reserved 1060864K
  class space    used 1494K, capacity 1625K, committed 1664K, reserved 1048576K
}
Event: 0.918 GC heap after
{Heap after GC invocations=1 (full 0):
 garbage-first heap   total 262144K, used 3056K [0x0000000700000000, 0x0000000800000000)
  region size 1024K, 3 young (3072K), 3 survivors (3072K)
 Metaspace       used 13045K, capacity 13344K, committed 13696K, reserved 1060864K
  class space    used 1494K, capacity 1625K, committed 1664K, reserved 1048576K
}
Event: 1.814 GC heap before
{Heap before GC invocations=1 (full 0):
 garbage-first heap   total 262144K, used 34800K [0x0000000700000000, 0x0000000800000000)
  region size 1024K, 33 young (33792K), 3 survivors (3072K)
 Metaspace       used 20434K, capacity 21053K, committed 21248K, reserved 1067008K
  class space    used 2683K, capacity 2973K, committed 3072K, reserved 1048576K
}
Event: 1.830 GC heap after
{Heap after GC invocations=2 (full 0):
 garbage-first heap   total 262144K, used 9009K [0x0000000700000000, 0x0000000800000000)
  region size 1024K, 7 young (7168K), 7 survivors (7168K)
 Metaspace       used 20434K, capacity 21053K, committed 21248K, reserved 1067008K
  class space    used 2683K, capacity 2973K, committed 3072K, reserved 1048576K
}
Event: 82.930 GC heap before
{Heap before GC invocations=3 (full 0):
 garbage-first heap   total 262144K, used 54065K [0x0000000700000000, 0x0000000800000000)
  region size 1024K, 51 young (52224K), 7 survivors (7168K)
 Metaspace       used 31179K, capacity 32041K, committed 32384K, reserved 1077248K
  class space    used 3746K, capacity 4102K, committed 4224K, reserved 1048576K
}
Event: 82.987 GC heap after
{Heap after GC invocations=4 (full 0):
 garbage-first heap   total 262144K, used 13265K [0x0000000700000000, 0x0000000800000000)
  region size 1024K, 5 young (5120K), 5 survivors (5120K)
 Metaspace       used 31179K, capacity 32041K, committed 32384K, reserved 1077248K
  class space    used 3746K, capacity 4102K, committed 4224K, reserved 1048576K
}

